<?xml version="1.0" encoding="UTF-8"?>
<testsuite name="com.booking.tbu.contract.ConsumerPactTest" tests="1" skipped="0" failures="0" errors="0" timestamp="2022-01-18T17:18:03" hostname="C02C90TZLVDP" time="1.458">
  <properties/>
  <testcase name="verifyRequests(MockServer)" classname="com.booking.tbu.contract.ConsumerPactTest" time="1.458"/>
  <system-out><![CDATA[]]></system-out>
  <system-err><![CDATA[]]></system-err>
</testsuite>
